1226079901054,phongtest,com.projectgoth.fusion.slice.ProfileUpdatedUserEventIce@29ac,1226079901037,phongtest
1226361539894,phongtest,com.projectgoth.fusion.slice.ProfileUpdatedUserEventIce@149a794,1226361539876,phongtest
1226537156716,dave,com.projectgoth.fusion.slice.AddingFriendUserEventIce@1c783c5,1226537156696,dave
1226537156716,thenephilim,com.projectgoth.fusion.slice.AddingFriendUserEventIce@1c783c5,1226537156696,dave
1226537156716,test2008080601,com.projectgoth.fusion.slice.AddingFriendUserEventIce@1c783c5,1226537156696,dave
1226537156716,minpower,com.projectgoth.fusion.slice.AddingFriendUserEventIce@1c783c5,1226537156696,dave
1226537156716,cyc,com.projectgoth.fusion.slice.AddingFriendUserEventIce@1c783c5,1226537156696,dave
1226537156716,sjuang,com.projectgoth.fusion.slice.AddingFriendUserEventIce@1c783c5,1226537156696,dave
1226537156716,sjkelly,com.projectgoth.fusion.slice.AddingFriendUserEventIce@1c783c5,1226537156696,dave
1226537156716,ima.moose2,com.projectgoth.fusion.slice.AddingFriendUserEventIce@1c783c5,1226537156696,dave
1226537156716,maxpower,com.projectgoth.fusion.slice.AddingFriendUserEventIce@1c783c5,1226537156696,dave
1226537156716,kevnews,com.projectgoth.fusion.slice.AddingFriendUserEventIce@1c783c5,1226537156696,dave
1226537156716,tuberider,com.projectgoth.fusion.slice.AddingFriendUserEventIce@1c783c5,1226537156696,dave
1226537156716,mobilejburg,com.projectgoth.fusion.slice.AddingFriendUserEventIce@1c783c5,1226537156696,dave
1226537156716,chris,com.projectgoth.fusion.slice.AddingFriendUserEventIce@1c783c5,1226537156696,dave
1226537156716,crazygrape,com.projectgoth.fusion.slice.AddingFriendUserEventIce@1c783c5,1226537156696,dave
1226537156716,stewlin,com.projectgoth.fusion.slice.AddingFriendUserEventIce@1c783c5,1226537156696,dave
1226537156716,satest,com.projectgoth.fusion.slice.AddingFriendUserEventIce@1c783c5,1226537156696,dave
1226537156716,koko,com.projectgoth.fusion.slice.AddingFriendUserEventIce@1c783c5,1226537156696,dave
1226537156716,surfbo,com.projectgoth.fusion.slice.AddingFriendUserEventIce@1c783c5,1226537156696,dave
1226537156716,bernardgardner,com.projectgoth.fusion.slice.AddingFriendUserEventIce@1c783c5,1226537156696,dave
1226537156716,intrigue,com.projectgoth.fusion.slice.AddingFriendUserEventIce@1c783c5,1226537156696,dave
1226537156716,lee,com.projectgoth.fusion.slice.AddingFriendUserEventIce@1c783c5,1226537156696,dave
1226537156716,ajaxhead,com.projectgoth.fusion.slice.AddingFriendUserEventIce@1c783c5,1226537156696,dave
1226537156716,jean,com.projectgoth.fusion.slice.AddingFriendUserEventIce@1c783c5,1226537156696,dave
1226537156716,scoday,com.projectgoth.fusion.slice.AddingFriendUserEventIce@1c783c5,1226537156696,dave
1226537156716,christene.,com.projectgoth.fusion.slice.AddingFriendUserEventIce@1c783c5,1226537156696,dave
1226537156716,kien,com.projectgoth.fusion.slice.AddingFriendUserEventIce@1c783c5,1226537156696,dave
1226537156717,coauthor,com.projectgoth.fusion.slice.AddingFriendUserEventIce@1c783c5,1226537156696,dave
1226537156717,msduckee,com.projectgoth.fusion.slice.AddingFriendUserEventIce@1c783c5,1226537156696,dave
1226537156717,natcat,com.projectgoth.fusion.slice.AddingFriendUserEventIce@1c783c5,1226537156696,dave
1226537156717,chandlay,com.projectgoth.fusion.slice.AddingFriendUserEventIce@1c783c5,1226537156696,dave
1226537156717,1,com.projectgoth.fusion.slice.AddingFriendUserEventIce@1c783c5,1226537156696,dave
1226537156717,mtharmarajah,com.projectgoth.fusion.slice.AddingFriendUserEventIce@1c783c5,1226537156696,dave
1226537156717,andyc,com.projectgoth.fusion.slice.AddingFriendUserEventIce@1c783c5,1226537156696,dave
1226537156717,gpandamark,com.projectgoth.fusion.slice.AddingFriendUserEventIce@1c783c5,1226537156696,dave
1226537156717,megangal,com.projectgoth.fusion.slice.AddingFriendUserEventIce@1c783c5,1226537156696,dave
1226537156717,toby,com.projectgoth.fusion.slice.AddingFriendUserEventIce@1c783c5,1226537156696,dave
1226537156717,jazzbo,com.projectgoth.fusion.slice.AddingFriendUserEventIce@1c783c5,1226537156696,dave
1226537156717,mrx48,com.projectgoth.fusion.slice.AddingFriendUserEventIce@1c783c5,1226537156696,dave
1226537156717,buttswth,com.projectgoth.fusion.slice.AddingFriendUserEventIce@1c783c5,1226537156696,dave
1226537156717,soranto,com.projectgoth.fusion.slice.AddingFriendUserEventIce@1c783c5,1226537156696,dave
1226537156717,pinchy,com.projectgoth.fusion.slice.AddingFriendUserEventIce@1c783c5,1226537156696,dave
1226537156717,gizmo,com.projectgoth.fusion.slice.AddingFriendUserEventIce@1c783c5,1226537156696,dave
1226537156717,test-crd-2,com.projectgoth.fusion.slice.AddingFriendUserEventIce@1c783c5,1226537156696,dave
1226537156717,jkinsf,com.projectgoth.fusion.slice.AddingFriendUserEventIce@1c783c5,1226537156696,dave
1226537156717,austinpowers,com.projectgoth.fusion.slice.AddingFriendUserEventIce@1c783c5,1226537156696,dave
1226537156717,andrewpkent,com.projectgoth.fusion.slice.AddingFriendUserEventIce@1c783c5,1226537156696,dave
1226537156717,danielgoth,com.projectgoth.fusion.slice.AddingFriendUserEventIce@1c783c5,1226537156696,dave
1226537156717,technogear,com.projectgoth.fusion.slice.AddingFriendUserEventIce@1c783c5,1226537156696,dave
1226537156722,maxpower,com.projectgoth.fusion.slice.AddingFriendUserEventIce@1be2893,1226537156718,maxpower
1226537156722,jazzbo,com.projectgoth.fusion.slice.AddingFriendUserEventIce@1be2893,1226537156718,maxpower
1226537156722,thenephilim,com.projectgoth.fusion.slice.AddingFriendUserEventIce@1be2893,1226537156718,maxpower
1226537156722,elmocookie,com.projectgoth.fusion.slice.AddingFriendUserEventIce@1be2893,1226537156718,maxpower
1226537156722,koko,com.projectgoth.fusion.slice.AddingFriendUserEventIce@1be2893,1226537156718,maxpower
1226537156722,sjuang,com.projectgoth.fusion.slice.AddingFriendUserEventIce@1be2893,1226537156718,maxpower
1226537156722,ima.moose2,com.projectgoth.fusion.slice.AddingFriendUserEventIce@1be2893,1226537156718,maxpower
1226537156722,surfbo,com.projectgoth.fusion.slice.AddingFriendUserEventIce@1be2893,1226537156718,maxpower
1226537156722,lisa,com.projectgoth.fusion.slice.AddingFriendUserEventIce@1be2893,1226537156718,maxpower
1226537156722,maxpower,com.projectgoth.fusion.slice.AddingFriendUserEventIce@1be2893,1226537156718,maxpower
1226537156722,kevnews,com.projectgoth.fusion.slice.AddingFriendUserEventIce@1be2893,1226537156718,maxpower
1226537156722,ajaxhead,com.projectgoth.fusion.slice.AddingFriendUserEventIce@1be2893,1226537156718,maxpower
1226537156722,kien,com.projectgoth.fusion.slice.AddingFriendUserEventIce@1be2893,1226537156718,maxpower
1226537156722,danielgoth,com.projectgoth.fusion.slice.AddingFriendUserEventIce@1be2893,1226537156718,maxpower
1226537156722,dave,com.projectgoth.fusion.slice.AddingFriendUserEventIce@1be2893,1226537156718,maxpower
1226537156748,maxpower,com.projectgoth.fusion.slice.AddingFriendUserEventIce@1e1962d,1226537156744,maxpower
1226537156748,jazzbo,com.projectgoth.fusion.slice.AddingFriendUserEventIce@1e1962d,1226537156744,maxpower
1226537156748,thenephilim,com.projectgoth.fusion.slice.AddingFriendUserEventIce@1e1962d,1226537156744,maxpower
1226537156748,elmocookie,com.projectgoth.fusion.slice.AddingFriendUserEventIce@1e1962d,1226537156744,maxpower
1226537156748,koko,com.projectgoth.fusion.slice.AddingFriendUserEventIce@1e1962d,1226537156744,maxpower
1226537156748,sjuang,com.projectgoth.fusion.slice.AddingFriendUserEventIce@1e1962d,1226537156744,maxpower
1226537156748,ima.moose2,com.projectgoth.fusion.slice.AddingFriendUserEventIce@1e1962d,1226537156744,maxpower
1226537156749,surfbo,com.projectgoth.fusion.slice.AddingFriendUserEventIce@1e1962d,1226537156744,maxpower
1226537156749,lisa,com.projectgoth.fusion.slice.AddingFriendUserEventIce@1e1962d,1226537156744,maxpower
1226537156749,maxpower,com.projectgoth.fusion.slice.AddingFriendUserEventIce@1e1962d,1226537156744,maxpower
1226537156749,kevnews,com.projectgoth.fusion.slice.AddingFriendUserEventIce@1e1962d,1226537156744,maxpower
1226537156749,ajaxhead,com.projectgoth.fusion.slice.AddingFriendUserEventIce@1e1962d,1226537156744,maxpower
1226537156749,kien,com.projectgoth.fusion.slice.AddingFriendUserEventIce@1e1962d,1226537156744,maxpower
1226537156749,danielgoth,com.projectgoth.fusion.slice.AddingFriendUserEventIce@1e1962d,1226537156744,maxpower
1226537156749,dave,com.projectgoth.fusion.slice.AddingFriendUserEventIce@1e1962d,1226537156744,maxpower
1226537156753,dave,com.projectgoth.fusion.slice.AddingFriendUserEventIce@1926e90,1226537156749,dave
1226537156753,thenephilim,com.projectgoth.fusion.slice.AddingFriendUserEventIce@1926e90,1226537156749,dave
1226537156753,test2008080601,com.projectgoth.fusion.slice.AddingFriendUserEventIce@1926e90,1226537156749,dave
1226537156753,minpower,com.projectgoth.fusion.slice.AddingFriendUserEventIce@1926e90,1226537156749,dave
1226537156753,cyc,com.projectgoth.fusion.slice.AddingFriendUserEventIce@1926e90,1226537156749,dave
1226537156753,sjuang,com.projectgoth.fusion.slice.AddingFriendUserEventIce@1926e90,1226537156749,dave
1226537156753,sjkelly,com.projectgoth.fusion.slice.AddingFriendUserEventIce@1926e90,1226537156749,dave
1226537156754,ima.moose2,com.projectgoth.fusion.slice.AddingFriendUserEventIce@1926e90,1226537156749,dave
1226537156754,maxpower,com.projectgoth.fusion.slice.AddingFriendUserEventIce@1926e90,1226537156749,dave
1226537156754,kevnews,com.projectgoth.fusion.slice.AddingFriendUserEventIce@1926e90,1226537156749,dave
1226537156754,tuberider,com.projectgoth.fusion.slice.AddingFriendUserEventIce@1926e90,1226537156749,dave
1226537156754,mobilejburg,com.projectgoth.fusion.slice.AddingFriendUserEventIce@1926e90,1226537156749,dave
1226537156754,chris,com.projectgoth.fusion.slice.AddingFriendUserEventIce@1926e90,1226537156749,dave
1226537156754,crazygrape,com.projectgoth.fusion.slice.AddingFriendUserEventIce@1926e90,1226537156749,dave
1226537156754,stewlin,com.projectgoth.fusion.slice.AddingFriendUserEventIce@1926e90,1226537156749,dave
1226537156754,satest,com.projectgoth.fusion.slice.AddingFriendUserEventIce@1926e90,1226537156749,dave
1226537156754,koko,com.projectgoth.fusion.slice.AddingFriendUserEventIce@1926e90,1226537156749,dave
1226537156754,surfbo,com.projectgoth.fusion.slice.AddingFriendUserEventIce@1926e90,1226537156749,dave
1226537156754,bernardgardner,com.projectgoth.fusion.slice.AddingFriendUserEventIce@1926e90,1226537156749,dave
1226537156754,intrigue,com.projectgoth.fusion.slice.AddingFriendUserEventIce@1926e90,1226537156749,dave
1226537156754,lee,com.projectgoth.fusion.slice.AddingFriendUserEventIce@1926e90,1226537156749,dave
1226537156754,ajaxhead,com.projectgoth.fusion.slice.AddingFriendUserEventIce@1926e90,1226537156749,dave
1226537156754,jean,com.projectgoth.fusion.slice.AddingFriendUserEventIce@1926e90,1226537156749,dave
1226537156754,scoday,com.projectgoth.fusion.slice.AddingFriendUserEventIce@1926e90,1226537156749,dave
1226537156754,christene.,com.projectgoth.fusion.slice.AddingFriendUserEventIce@1926e90,1226537156749,dave
1226537156754,kien,com.projectgoth.fusion.slice.AddingFriendUserEventIce@1926e90,1226537156749,dave
1226537156754,coauthor,com.projectgoth.fusion.slice.AddingFriendUserEventIce@1926e90,1226537156749,dave
1226537156754,msduckee,com.projectgoth.fusion.slice.AddingFriendUserEventIce@1926e90,1226537156749,dave
1226537156754,natcat,com.projectgoth.fusion.slice.AddingFriendUserEventIce@1926e90,1226537156749,dave
1226537156754,chandlay,com.projectgoth.fusion.slice.AddingFriendUserEventIce@1926e90,1226537156749,dave
1226537156754,1,com.projectgoth.fusion.slice.AddingFriendUserEventIce@1926e90,1226537156749,dave
1226537156754,mtharmarajah,com.projectgoth.fusion.slice.AddingFriendUserEventIce@1926e90,1226537156749,dave
1226537156754,andyc,com.projectgoth.fusion.slice.AddingFriendUserEventIce@1926e90,1226537156749,dave
1226537156754,gpandamark,com.projectgoth.fusion.slice.AddingFriendUserEventIce@1926e90,1226537156749,dave
1226537156754,megangal,com.projectgoth.fusion.slice.AddingFriendUserEventIce@1926e90,1226537156749,dave
1226537156754,toby,com.projectgoth.fusion.slice.AddingFriendUserEventIce@1926e90,1226537156749,dave
1226537156754,jazzbo,com.projectgoth.fusion.slice.AddingFriendUserEventIce@1926e90,1226537156749,dave
1226537156754,mrx48,com.projectgoth.fusion.slice.AddingFriendUserEventIce@1926e90,1226537156749,dave
1226537156754,buttswth,com.projectgoth.fusion.slice.AddingFriendUserEventIce@1926e90,1226537156749,dave
1226537156754,soranto,com.projectgoth.fusion.slice.AddingFriendUserEventIce@1926e90,1226537156749,dave
1226537156754,pinchy,com.projectgoth.fusion.slice.AddingFriendUserEventIce@1926e90,1226537156749,dave
1226537156754,gizmo,com.projectgoth.fusion.slice.AddingFriendUserEventIce@1926e90,1226537156749,dave
1226537156754,test-crd-2,com.projectgoth.fusion.slice.AddingFriendUserEventIce@1926e90,1226537156749,dave
1226537156754,jkinsf,com.projectgoth.fusion.slice.AddingFriendUserEventIce@1926e90,1226537156749,dave
1226537156754,austinpowers,com.projectgoth.fusion.slice.AddingFriendUserEventIce@1926e90,1226537156749,dave
1226537156754,andrewpkent,com.projectgoth.fusion.slice.AddingFriendUserEventIce@1926e90,1226537156749,dave
1226537156754,danielgoth,com.projectgoth.fusion.slice.AddingFriendUserEventIce@1926e90,1226537156749,dave
1226537156754,technogear,com.projectgoth.fusion.slice.AddingFriendUserEventIce@1926e90,1226537156749,dave
1226626928053,domebabytesting2,com.projectgoth.fusion.slice.ProfileUpdatedUserEventIce@19f03d7,1226626928043,domebabytesting2
1226627149434,domebabytesting5,com.projectgoth.fusion.slice.ProfileUpdatedUserEventIce@167d7fb,1226627149431,domebabytesting5
1226693386175,jeffnewusertest,com.projectgoth.fusion.slice.ProfileUpdatedUserEventIce@121b59a,1226693386171,jeffnewusertest
1226701288434,yogi33333,com.projectgoth.fusion.slice.ProfileUpdatedUserEventIce@d5c0f9,1226701288431,yogi33333
1226701463311,jack3432,com.projectgoth.fusion.slice.ProfileUpdatedUserEventIce@12c5431,1226701463308,jack3432
1226701568578,testtesttes,com.projectgoth.fusion.slice.ProfileUpdatedUserEventIce@19da967,1226701568575,testtesttes
1226701839862,testlasttime,com.projectgoth.fusion.slice.ProfileUpdatedUserEventIce@3468f4,1226701839859,testlasttime
1226701954896,jeffnewusertest3,com.projectgoth.fusion.slice.ProfileUpdatedUserEventIce@1aecc3a,1226701954893,jeffnewusertest3
1226702005816,jeffnewusertest4,com.projectgoth.fusion.slice.ProfileUpdatedUserEventIce@17cf6b6,1226702005813,jeffnewusertest4
1226702905879,surfbo333,com.projectgoth.fusion.slice.ProfileUpdatedUserEventIce@115d06c,1226702905871,surfbo333
